c:\users\dscho\source\repos\c\guic\gui\x64\debug\vc143.pdb
c:\users\dscho\source\repos\c\guic\gui\x64\debug\vc143.idb
c:\users\dscho\source\repos\c\guic\gui\x64\debug\main.obj
c:\users\dscho\source\repos\c\guic\gui\x64\debug\gui_util.obj
c:\users\dscho\source\repos\c\guic\gui\x64\debug\gui_primatives.obj
c:\users\dscho\source\repos\c\guic\gui\x64\debug\gui_font.obj
c:\users\dscho\source\repos\c\guic\gui\x64\debug\gui_element.obj
c:\users\dscho\source\repos\c\guic\gui\x64\debug\gui.obj
c:\users\dscho\source\repos\c\guic\x64\debug\gui.pdb
c:\users\dscho\source\repos\c\guic\gui\x64\debug\gui.tlog\cl.command.1.tlog
c:\users\dscho\source\repos\c\guic\gui\x64\debug\gui.tlog\cl.read.1.tlog
c:\users\dscho\source\repos\c\guic\gui\x64\debug\gui.tlog\cl.write.1.tlog
c:\users\dscho\source\repos\c\guic\gui\x64\debug\gui.tlog\link-cvtres.read.1.tlog
c:\users\dscho\source\repos\c\guic\gui\x64\debug\gui.tlog\link-cvtres.write.1.tlog
c:\users\dscho\source\repos\c\guic\gui\x64\debug\gui.tlog\link-rc.read.1.tlog
c:\users\dscho\source\repos\c\guic\gui\x64\debug\gui.tlog\link-rc.write.1.tlog
c:\users\dscho\source\repos\c\guic\gui\x64\debug\gui.tlog\link.command.1.tlog
c:\users\dscho\source\repos\c\guic\gui\x64\debug\gui.tlog\link.read.1.tlog
c:\users\dscho\source\repos\c\guic\gui\x64\debug\gui.tlog\link.read.2.tlog
c:\users\dscho\source\repos\c\guic\gui\x64\debug\gui.tlog\link.write.1.tlog
